<?xml version="1.0" encoding="UTF-8"?>
<!-- Generated by org.testng.reporters.JUnitReportReporter -->
<testsuite skipped="0" hostname="MuminIslam" name="testCases.LoginPageTest" tests="1" failures="0" timestamp="08 Jul 2021 03:59:23 GMT" time="8.172" errors="0">
  <testcase name="loginTest" time="8.172" classname="testCases.LoginPageTest"/>
</testsuite> <!-- testCases.LoginPageTest -->
